e:\_programming\gea-term2\ogre_projects\tutorials2\ogre3dprojecttemplate\x64\release\astar_edge.obj
e:\_programming\gea-term2\ogre_projects\tutorials2\ogre3dprojecttemplate\x64\release\alist.obj
e:\_programming\gea-term2\ogre_projects\tutorials2\ogre3dprojecttemplate\x64\release\nodepriorityqueue.obj
e:\_programming\gea-term2\ogre_projects\tutorials2\ogre3dprojecttemplate\x64\release\ogre3dapplication.obj
e:\_programming\gea-term2\ogre_projects\tutorials2\ogre3dprojecttemplate\x64\release\agent.obj
e:\_programming\gea-term2\ogre_projects\tutorials2\ogre3dprojecttemplate\x64\release\ogre3dprojecttemplate.obj
e:\_programming\gea-term2\ogre_projects\tutorials2\ogre3dprojecttemplate\x64\release\astar_node.obj
e:\_programming\gea-term2\ogre_projects\tutorials2\ogre3dprojecttemplate\x64\release\cameracontroller.obj
e:\_programming\gea-term2\ogre_projects\tutorials2\ogre3dprojecttemplate\x64\release\tile.obj
e:\_programming\gea-term2\ogre_projects\tutorials2\ogre3dprojecttemplate\x64\release\astar.obj
e:\_programming\gea-term2\ogre_projects\tutorials2\ogre3dprojecttemplate\x64\release\inputcontroller.obj
e:\_programming\gea-term2\ogre_projects\tutorials2\ogre3dprojecttemplate\x64\release\priorityqueue.obj
e:\_programming\gea-term2\ogre_projects\tutorials2\ogre3dprojecttemplate\x64\release\raycasting.obj
e:\_programming\gea-term2\ogre_projects\tutorials2\ogre3dprojecttemplate\x64\release\tilemanager.obj
e:\_programming\gea-term2\ogre_projects\tutorials2\ogre3dprojecttemplate\x64\release\vc141.pdb
e:\_programming\gea-term2\ogre_projects\tutorials2\x64\release\ogre3dprojecttemplate.exe
e:\_programming\gea-term2\ogre_projects\tutorials2\ogre3dprojecttemplate\x64\release\ogre3dpr.27296305.tlog\cl.command.1.tlog
e:\_programming\gea-term2\ogre_projects\tutorials2\ogre3dprojecttemplate\x64\release\ogre3dpr.27296305.tlog\cl.read.1.tlog
e:\_programming\gea-term2\ogre_projects\tutorials2\ogre3dprojecttemplate\x64\release\ogre3dpr.27296305.tlog\cl.write.1.tlog
e:\_programming\gea-term2\ogre_projects\tutorials2\ogre3dprojecttemplate\x64\release\ogre3dpr.27296305.tlog\link.command.1.tlog
e:\_programming\gea-term2\ogre_projects\tutorials2\ogre3dprojecttemplate\x64\release\ogre3dpr.27296305.tlog\link.read.1.tlog
e:\_programming\gea-term2\ogre_projects\tutorials2\ogre3dprojecttemplate\x64\release\ogre3dpr.27296305.tlog\link.write.1.tlog
